<?xml version="1.0" encoding="UTF-8"?>
<testng-results skipped="0" failed="0" total="1" passed="1">
  <reporter-output>
  </reporter-output>
  <suite name="Default suite" duration-ms="23563" started-at="2020-01-28T02:45:33Z" finished-at="2020-01-28T02:45:57Z">
    <groups>
    </groups>
    <test name="Default test" duration-ms="23563" started-at="2020-01-28T02:45:33Z" finished-at="2020-01-28T02:45:57Z">
      <class name="DriverFactory.DriverScript">
        <test-method status="PASS" signature="startTest()[pri:0, instance:DriverFactory.DriverScript@20e2cbe0]" name="startTest" duration-ms="23544" started-at="2020-01-28T08:15:33Z" finished-at="2020-01-28T08:15:57Z">
          <reporter-output>
          </reporter-output>
        </test-method> <!-- startTest -->
      </class> <!-- DriverFactory.DriverScript -->
    </test> <!-- Default test -->
  </suite> <!-- Default suite -->
</testng-results>
